<?xml version="1.0" encoding="UTF-8"?>
<!-- Generated by org.testng.reporters.JUnitReportReporter -->
<testsuite hostname="Pavithra-Laptop" failures="0" tests="1" name="test.TestExample" time="2.297" errors="0" timestamp="2023-01-06T13:24:36 MST" skipped="0">
  <testcase classname="test.TestExample" name="test_1" time="2.297"/>
  <system-out/>
</testsuite> <!-- test.TestExample -->
